  Main.cpp
C:\Users\cdjoo\Desktop\2022-1\인공지능과게임프로그래밍\KhuGle-main\06. KhuGle(Image Processing)\KhuGle\Main.cpp(180,55): warning C4244: '=': conversion from 'const _Ty' to 'unsigned char', possible loss of data
          with
          [
              _Ty=double
          ]
C:\Users\cdjoo\Desktop\2022-1\인공지능과게임프로그래밍\KhuGle-main\06. KhuGle(Image Processing)\KhuGle\Main.cpp(181,57): warning C4244: '=': conversion from 'const _Ty' to 'unsigned char', possible loss of data
          with
          [
              _Ty=double
          ]
C:\Users\cdjoo\Desktop\2022-1\인공지능과게임프로그래밍\KhuGle-main\06. KhuGle(Image Processing)\KhuGle\Main.cpp(182,56): warning C4244: '=': conversion from 'const _Ty' to 'unsigned char', possible loss of data
          with
          [
              _Ty=double
          ]
C:\Users\cdjoo\Desktop\2022-1\인공지능과게임프로그래밍\KhuGle-main\06. KhuGle(Image Processing)\KhuGle\Main.cpp(211,26): warning C4154: deletion of an array expression; conversion to pointer supplied
C:\Users\cdjoo\Desktop\2022-1\인공지능과게임프로그래밍\KhuGle-main\06. KhuGle(Image Processing)\KhuGle\Main.cpp(212,27): warning C4154: deletion of an array expression; conversion to pointer supplied
C:\Users\cdjoo\Desktop\2022-1\인공지능과게임프로그래밍\KhuGle-main\06. KhuGle(Image Processing)\KhuGle\Main.cpp(213,27): warning C4154: deletion of an array expression; conversion to pointer supplied
C:\Users\cdjoo\Desktop\2022-1\인공지능과게임프로그래밍\KhuGle-main\06. KhuGle(Image Processing)\KhuGle\Main.cpp(215,22): warning C4154: deletion of an array expression; conversion to pointer supplied
C:\Users\cdjoo\Desktop\2022-1\인공지능과게임프로그래밍\KhuGle-main\06. KhuGle(Image Processing)\KhuGle\Main.cpp(216,23): warning C4154: deletion of an array expression; conversion to pointer supplied
C:\Users\cdjoo\Desktop\2022-1\인공지능과게임프로그래밍\KhuGle-main\06. KhuGle(Image Processing)\KhuGle\Main.cpp(217,23): warning C4154: deletion of an array expression; conversion to pointer supplied
C:\Users\cdjoo\Desktop\2022-1\인공지능과게임프로그래밍\KhuGle-main\06. KhuGle(Image Processing)\KhuGle\Main.cpp(438,28): warning C4267: 'initializing': conversion from 'size_t' to 'int', possible loss of data
  Generating code
  1 of 158 functions ( 0.6%) were compiled, the rest were copied from previous compilation.
    0 functions were new in current compilation
    0 functions had inline decision re-evaluated but remain unchanged
  Finished generating code
  KhuGle.vcxproj -> C:\Users\cdjoo\Desktop\2022-1\인공지능과게임프로그래밍\KhuGle-main\06. KhuGle(Image Processing)\x64\Release\KhuGle.exe
